[    0.000000] Initializing cgroup subsys cpuset
[    0.000000] Initializing cgroup subsys cpu
[    0.000000] Initializing cgroup subsys cpuacct
[    0.000000] Linux version 4.4.0-116-generic (buildd@lgw01-amd64-021) (gcc version 5.4.0 20160609 (Ubuntu 5.4.0-6ubuntu1~16.04.9) ) #140-Ubuntu SMP Mon Feb 12 21:23:04 UTC 2018 (Ubuntu 4.4.0-116.140-generic 4.4.98)
[    0.000000] Command line: BOOT_IMAGE=/boot/vmlinuz-4.4.0-116-generic root=LABEL=cloudimg-rootfs ro console=tty1 console=ttyS0
[    0.000000] KERNEL supported cpus:
[    0.000000]   Intel GenuineIntel
[    0.000000]   AMD AuthenticAMD
[    0.000000]   Centaur CentaurHauls
[    0.000000] x86/fpu: xstate_offset[2]:  576, xstate_sizes[2]:  256
[    0.000000] x86/fpu: Supporting XSAVE feature 0x01: 'x87 floating point registers'
[    0.000000] x86/fpu: Supporting XSAVE feature 0x02: 'SSE registers'
[    0.000000] x86/fpu: Supporting XSAVE feature 0x04: 'AVX registers'
[    0.000000] x86/fpu: Enabled xstate features 0x7, context size is 832 bytes, using 'standard' format.
[    0.000000] x86/fpu: Using 'lazy' FPU context switches.
[    0.000000] e820: BIOS-provided physical RAM map:
[    0.000000] BIOS-e820: [mem 0x0000000000000000-0x000000000009fbff] usable
[    0.000000] BIOS-e820: [mem 0x000000000009fc00-0x000000000009ffff] reserved
[    0.000000] BIOS-e820: [mem 0x00000000000f0000-0x00000000000fffff] reserved
[    0.000000] BIOS-e820: [mem 0x0000000000100000-0x000000003ffeffff] usable
[    0.000000] BIOS-e820: [mem 0x000000003fff0000-0x000000003fffffff] ACPI data
[    0.000000] BIOS-e820: [mem 0x00000000fec00000-0x00000000fec00fff] reserved
[    0.000000] BIOS-e820: [mem 0x00000000fee00000-0x00000000fee00fff] reserved
[    0.000000] BIOS-e820: [mem 0x00000000fffc0000-0x00000000ffffffff] reserved
[    0.000000] NX (Execute Disable) protection: active
[    0.000000] SMBIOS 2.5 present.
[    0.000000] Hypervisor detected: KVM
[    0.000000] e820: last_pfn = 0x3fff0 max_arch_pfn = 0x400000000
[    0.000000] MTRR: Disabled
[    0.000000] x86/PAT: MTRRs disabled, skipping PAT initialization too.
[    0.000000] CPU MTRRs all blank - virtualized system.
[    0.000000] x86/PAT: Configuration [0-7]: WB  WT  UC- UC  WB  WT  UC- UC  
[    0.000000] found SMP MP-table at [mem 0x0009fff0-0x0009ffff] mapped at [ffff88000009fff0]
[    0.000000] Scanning 1 areas for low memory corruption
[    0.000000] RAMDISK: [mem 0x36ac2000-0x37558fff]
[    0.000000] ACPI: Early table checksum verification disabled
[    0.000000] ACPI: RSDP 0x00000000000E0000 000024 (v02 VBOX  )
[    0.000000] ACPI: XSDT 0x000000003FFF0030 00003C (v01 VBOX   VBOXXSDT 00000001 ASL  00000061)
[    0.000000] ACPI: FACP 0x000000003FFF00F0 0000F4 (v04 VBOX   VBOXFACP 00000001 ASL  00000061)
[    0.000000] ACPI: DSDT 0x000000003FFF0470 0021FF (v02 VBOX   VBOXBIOS 00000002 INTL 20160108)
[    0.000000] ACPI: FACS 0x000000003FFF0200 000040
[    0.000000] ACPI: FACS 0x000000003FFF0200 000040
[    0.000000] ACPI: APIC 0x000000003FFF0240 00005C (v02 VBOX   VBOXAPIC 00000001 ASL  00000061)
[    0.000000] ACPI: SSDT 0x000000003FFF02A0 0001CC (v01 VBOX   VBOXCPUT 00000002 INTL 20160108)
[    0.000000] No NUMA configuration found
[    0.000000] Faking a node at [mem 0x0000000000000000-0x000000003ffeffff]
[    0.000000] NODE_DATA(0) allocated [mem 0x3ffeb000-0x3ffeffff]
[    0.000000] kvm-clock: Using msrs 4b564d01 and 4b564d00
[    0.000000] kvm-clock: cpu 0, msr 0:3ffe3001, primary cpu clock
[    0.000000] kvm-clock: using sched offset of 3232152813 cycles
[    0.000000] clocksource: kvm-clock: mask: 0xffffffffffffffff max_cycles: 0x1cd42e4dffb, max_idle_ns: 881590591483 ns
[    0.000000] Zone ranges:
[    0.000000]   DMA      [mem 0x0000000000001000-0x0000000000ffffff]
[    0.000000]   DMA32    [mem 0x0000000001000000-0x000000003ffeffff]
[    0.000000]   Normal   empty
[    0.000000]   Device   empty
[    0.000000] Movable zone start for each node
[    0.000000] Early memory node ranges
[    0.000000]   node   0: [mem 0x0000000000001000-0x000000000009efff]
[    0.000000]   node   0: [mem 0x0000000000100000-0x000000003ffeffff]
[    0.000000] Initmem setup node 0 [mem 0x0000000000001000-0x000000003ffeffff]
[    0.000000] ACPI: PM-Timer IO Port: 0x4008
[    0.000000] IOAPIC[0]: apic_id 2, version 32, address 0xfec00000, GSI 0-23
[    0.000000] ACPI: INT_SRC_OVR (bus 0 bus_irq 0 global_irq 2 dfl dfl)
[    0.000000] ACPI: INT_SRC_OVR (bus 0 bus_irq 9 global_irq 9 low level)
[    0.000000] Using ACPI (MADT) for SMP configuration information
[    0.000000] smpboot: Allowing 2 CPUs, 0 hotplug CPUs
[    0.000000] PM: Registered nosave memory: [mem 0x00000000-0x00000fff]
[    0.000000] PM: Registered nosave memory: [mem 0x0009f000-0x0009ffff]
[    0.000000] PM: Registered nosave memory: [mem 0x000a0000-0x000effff]
[    0.000000] PM: Registered nosave memory: [mem 0x000f0000-0x000fffff]
[    0.000000] e820: [mem 0x40000000-0xfebfffff] available for PCI devices
[    0.000000] Booting paravirtualized kernel on KVM
[    0.000000] clocksource: refined-jiffies: mask: 0xffffffff max_cycles: 0xffffffff, max_idle_ns: 7645519600211568 ns
[    0.000000] setup_percpu: NR_CPUS:512 nr_cpumask_bits:512 nr_cpu_ids:2 nr_node_ids:1
[    0.000000] PERCPU: Embedded 34 pages/cpu @ffff88003fc00000 s99544 r8192 d31528 u1048576
[    0.000000] PV qspinlock hash table entries: 256 (order: 0, 4096 bytes)
[    0.000000] Built 1 zonelists in Node order, mobility grouping on.  Total pages: 257913
[    0.000000] Policy zone: DMA32
[    0.000000] Kernel command line: BOOT_IMAGE=/boot/vmlinuz-4.4.0-116-generic root=LABEL=cloudimg-rootfs ro console=tty1 console=ttyS0
[    0.000000] PID hash table entries: 4096 (order: 3, 32768 bytes)
[    0.000000] Memory: 1001688K/1048120K available (8530K kernel code, 1309K rwdata, 3992K rodata, 1508K init, 1316K bss, 46432K reserved, 0K cma-reserved)
[    0.000000] SLUB: HWalign=64, Order=0-3, MinObjects=0, CPUs=2, Nodes=1
[    0.000000] Kernel/User page tables isolation: enabled
[    0.000000] Hierarchical RCU implementation.
[    0.000000] 	Build-time adjustment of leaf fanout to 64.
[    0.000000] 	RCU restricting CPUs from NR_CPUS=512 to nr_cpu_ids=2.
[    0.000000] RCU: Adjusting geometry for rcu_fanout_leaf=64, nr_cpu_ids=2
[    0.000000] NR_IRQS:33024 nr_irqs:440 16
[    0.000000] Console: colour VGA+ 80x25
[    0.000000] console [tty1] enabled
[    0.000000] console [ttyS0] enabled
[    0.000000] tsc: Detected 2095.148 MHz processor
[    0.807047] Calibrating delay loop (skipped) preset value.. 4190.29 BogoMIPS (lpj=8380592)
[    0.829960] pid_max: default: 32768 minimum: 301
[    0.855505] ACPI: Core revision 20150930
[    0.857801] ACPI: 2 ACPI AML tables successfully acquired and loaded
[    0.887708] Security Framework initialized
[    0.888671] Yama: becoming mindful.
[    0.889581] AppArmor: AppArmor initialized
[    0.890650] Dentry cache hash table entries: 131072 (order: 8, 1048576 bytes)
[    0.892992] Inode-cache hash table entries: 65536 (order: 7, 524288 bytes)
[    0.894547] Mount-cache hash table entries: 2048 (order: 2, 16384 bytes)
[    0.895929] Mountpoint-cache hash table entries: 2048 (order: 2, 16384 bytes)
[    0.947167] Initializing cgroup subsys io
[    0.965890] Initializing cgroup subsys memory
[    1.006104] Initializing cgroup subsys devices
[    1.010759] Initializing cgroup subsys freezer
[    1.011945] Initializing cgroup subsys net_cls
[    1.013127] Initializing cgroup subsys perf_event
[    1.014424] Initializing cgroup subsys net_prio
[    1.015628] Initializing cgroup subsys hugetlb
[    1.016807] Initializing cgroup subsys pids
[    1.018068] CPU: Physical Processor ID: 0
[    1.019165] CPU: Processor Core ID: 0
[    1.020204] FEATURE SPEC_CTRL Not Present
[    1.022434] mce: CPU supports 0 MCE banks
[    1.028889] Last level iTLB entries: 4KB 64, 2MB 8, 4MB 8
[    1.030304] Last level dTLB entries: 4KB 64, 2MB 0, 4MB 0, 1GB 4
[    1.031783] Spectre V2 mitigation: Mitigation: Full generic retpoline
[    1.033345] Spectre V2 mitigation: Speculation control IBPB not-supported IBRS not-supported
[    1.039450] Freeing SMP alternatives memory: 32K
[    1.051368] ftrace: allocating 32186 entries in 126 pages
[    1.123436] smpboot: APIC(0) Converting physical 0 to logical package 0
[    1.137703] smpboot: Max logical packages: 1
[    1.139195] x2apic enabled
[    1.140350] Switched APIC routing to physical x2apic.
[    1.143119] ..TIMER: vector=0x30 apic1=0 pin1=2 apic2=-1 pin2=-1
[    1.249509] smpboot: CPU0: Intel(R) Core(TM) i3-5010U CPU @ 2.10GHz (family: 0x6, model: 0x3d, stepping: 0x4)
[    1.261552] Performance Events: unsupported p6 CPU model 61 no PMU driver, software events only.
[    1.264067] KVM setup paravirtual spinlock
[    1.266357] x86: Booting SMP configuration:
[    1.310348] .... node  #0, CPUs:      #1
[    1.317353] kvm-clock: cpu 1, msr 0:3ffe3041, secondary cpu clock
[    1.335675] mce: CPU supports 0 MCE banks
[    1.338281] x86: Booted up 1 node, 2 CPUs
[    1.339647] smpboot: Total of 2 processors activated (8380.59 BogoMIPS)
[    1.341716] devtmpfs: initialized
[    1.345603] evm: security.selinux
[    1.346586] evm: security.SMACK64
[    1.347532] evm: security.SMACK64EXEC
[    1.348537] evm: security.SMACK64TRANSMUTE
[    1.349632] evm: security.SMACK64MMAP
[    1.350669] evm: security.ima
[    1.351556] evm: security.capability
[    1.352788] clocksource: jiffies: mask: 0xffffffff max_cycles: 0xffffffff, max_idle_ns: 7645041785100000 ns
[    1.355245] futex hash table entries: 512 (order: 3, 32768 bytes)
[    1.356864] pinctrl core: initialized pinctrl subsystem
[    1.363594] RTC time: 13:35:22, date: 03/13/18
[    1.364958] NET: Registered protocol family 16
[    1.377652] cpuidle: using governor ladder
[    1.401958] cpuidle: using governor menu
[    1.410395] PCCT header not found.
[    1.411474] ACPI: bus type PCI registered
[    1.412576] acpiphp: ACPI Hot Plug PCI Controller Driver version: 0.5
[    1.414290] PCI: Using configuration type 1 for base access
[    1.426409] ACPI: Added _OSI(Module Device)
[    1.437174] ACPI: Added _OSI(Processor Device)
[    1.438389] ACPI: Added _OSI(3.0 _SCP Extensions)
[    1.439617] ACPI: Added _OSI(Processor Aggregator Device)
[    1.441936] ACPI: Executed 1 blocks of module-level executable AML code
[    1.447523] ACPI: Interpreter enabled
[    1.450794] ACPI: (supports S0 S5)
[    1.451779] ACPI: Using IOAPIC for interrupt routing
[    1.453283] PCI: Using host bridge windows from ACPI; if necessary, use "pci=nocrs" and report a bug
[    1.465801] ACPI: PCI Root Bridge [PCI0] (domain 0000 [bus 00-ff])
[    1.468438] acpi PNP0A03:00: _OSC: OS supports [ASPM ClockPM Segments MSI]
[    1.470128] acpi PNP0A03:00: _OSC: not requesting OS control; OS requires [ExtendedConfig ASPM ClockPM MSI]
[    1.474693] acpi PNP0A03:00: fail to add MMCONFIG information, can't access extended PCI configuration space under this bridge.
[    1.477788] PCI host bridge to bus 0000:00
[    1.479989] pci_bus 0000:00: root bus resource [io  0x0000-0x0cf7 window]
[    1.481626] pci_bus 0000:00: root bus resource [io  0x0d00-0xffff window]
[    1.483256] pci_bus 0000:00: root bus resource [mem 0x000a0000-0x000bffff window]
[    1.485267] pci_bus 0000:00: root bus resource [mem 0x40000000-0xfdffffff window]
[    1.487292] pci_bus 0000:00: root bus resource [bus 00-ff]
[    1.490446] pci 0000:00:01.1: legacy IDE quirk: reg 0x10: [io  0x01f0-0x01f7]
[    1.495328] pci 0000:00:01.1: legacy IDE quirk: reg 0x14: [io  0x03f6]
[    1.535042] pci 0000:00:01.1: legacy IDE quirk: reg 0x18: [io  0x0170-0x0177]
[    1.549315] pci 0000:00:01.1: legacy IDE quirk: reg 0x1c: [io  0x0376]
[    1.617893] pci 0000:00:07.0: quirk: [io  0x4000-0x403f] claimed by PIIX4 ACPI
[    1.695268] pci 0000:00:07.0: quirk: [io  0x4100-0x410f] claimed by PIIX4 SMB
[    1.790634] ACPI: PCI Interrupt Link [LNKA] (IRQs 5 9 10 *11)
[    1.798220] ACPI: PCI Interrupt Link [LNKB] (IRQs 5 9 *10 11)
[    1.800222] ACPI: PCI Interrupt Link [LNKC] (IRQs 5 *9 10 11)
[    1.802263] ACPI: PCI Interrupt Link [LNKD] (IRQs 5 9 10 *11)
[    1.804401] ACPI: Enabled 2 GPEs in block 00 to 07
[    1.811169] vgaarb: setting as boot device: PCI:0000:00:02.0
[    1.815963] vgaarb: device added: PCI:0000:00:02.0,decodes=io+mem,owns=io+mem,locks=none
[    1.818113] vgaarb: loaded
[    1.818960] vgaarb: bridge control possible 0000:00:02.0
[    1.820619] SCSI subsystem initialized
[    1.821879] ACPI: bus type USB registered
[    1.829347] usbcore: registered new interface driver usbfs
[    1.830567] usbcore: registered new interface driver hub
[    1.831749] usbcore: registered new device driver usb
[    1.887454] PCI: Using ACPI for IRQ routing
[    1.943847] NetLabel: Initializing
[    1.974182] NetLabel:  domain hash size = 128
[    2.023577] NetLabel:  protocols = UNLABELED CIPSOv4
[    2.024697] NetLabel:  unlabeled traffic allowed by default
[    2.026093] amd_nb: Cannot enumerate AMD northbridges
[    2.027240] clocksource: Switched to clocksource kvm-clock
[    2.037674] AppArmor: AppArmor Filesystem Enabled
[    2.044170] pnp: PnP ACPI init
[    2.045909] pnp: PnP ACPI: found 3 devices
[  2564]losoce: cpipm msk 0ffff max_cycles: 0xffffff, max_idle_ns: 2085701024 ns
[    2.605131] NET: Registered protocol family 2
[    2.606541] TCP established hash table entries: 8192 (order: 4, 65536 bytes)
[    2.608229] TCP bind hash table entries: 8192 (order: 5, 131072 bytes)
[    2.609784] TCP: Hash tables configured (established 8192 bind 8192)
[    2.611310] UDP hash table entries: 512 (order: 2, 16384 bytes)
[    2.612765] UDP-Lite hash table entries: 512 (order: 2, 16384 bytes)
[    2.614319] NET: Registered protocol family 1
[    2.615472] pci 0000:00:00.0: Limiting direct PCI/PCI transfers
[    2.616940] pci 0000:00:01.0: Activating ISA DMA hang workarounds
[    2.618555] Unpacking initramfs...
[    5.081111] Freeing initrd memory: 10844K
[    5.185548] RAPL PMU detected, API unit is 2^-32 Joules, 4 fixed counters 10737418240 ms ovfl timer
[    5.353574] hw unit of domain pp0-core 2^-0 Joules
[    5.354649] hw unit of domain package 2^-0 Joules
[    5.355745] hw unit of domain dram 2^-0 Joules
[    5.405116] hw unit of domain pp1-gpu 2^-0 Joules
[    5.406368] platform rtc_cmos: registered platform RTC device (no PNP device found)
[    5.408244] Scanning for low memory corruption every 60 seconds
[    5.409956] audit: initializing netlink subsys (disabled)
[    5.411158] audit: type=2000 audit(1520948130.216:1): initialized
[    5.417651] Initialise system trusted keyring
[    5.418921] HugeTLB registered 2 MB page size, pre-allocated 0 pages
[    5.422112] zbud: loaded
[    5.497386] VFS: Disk quotas dqu_6.0
[   5.709700] VFS: Dquot-cache hash table entries: 512 (order 0, 4096 bytes)
[   8128sqshs:eron.020/0/31) Phillip Lougher
[    6.403579] tsc: Refined TSC clocksource calibration: 2094.987 MHz
[    6.403583] clocksource: tsc: mask: 0xffffffffffffffff max_cycles: 0x1e32b101a71, max_idle_ns: 440795243356 ns
[    6.419834] fuse init (API version 7.23)
[    6.473326] Key type big_key registered
[    6.586708] Allocating IMA MOK and blacklist keyrings.
[    6.658624] Key type asymmetric registered
[    6.660673] Asymmetric key parser 'x509' registered
[    6.661833] Block layer SCSI generic (bsg) driver version 0.4 loaded (major 249)
[    6.759399] io scheduler noop registered
[    6.792183] io scheduler deadline registered (default)
[    6.822641] io scheduler cfq registered
[    6.836231] pci_hotplug: PCI Hot Plug PCI Core version: 0.5
[    6.841112] pciehp: PCI Express Hot Plug Controller Driver version: 0.4
[    6.881710] ACPI: AC Adapter [AC] (on-line)
[    6.897504] input: Power Button as /devices/LNXSYSTM:00/LNXPWRBN:00/input/input0
[    6.944216] ACPI: Power Button [PWRF]
[  7362]np: ee Button as /devices/LNXSYSTM:00/LNXSLPBN:00/input/input1
[    7.448391] ACPI: Sleep Button [SLPF]
[    7.449609] GHES: HEST is not enabled!
[    7.450409] ACPI: Battery Slot [BAT0] (battery present)
[    7.581380] Serial: 8250/16550 driver, 32 ports, IRQ sharing enabled
[    7.619249] 00:02: ttyS0 at I/O 0x3f8 (irq = 4, base_baud = 115200) is a 16550A
[    7.759166] Linux agpgart interface v0.103
[    7.769530] loop: module loaded
[    7.775015] scsi host0: ata_piix
[    7.777333] scsi host1: ata_piix
[    7.778347] ata1: PATA max UDMA/33 cmd 0x1f0 ctl 0x3f6 bmdma 0xd000 irq 14
[    7.780016] ata2: PATA max UDMA/33 cmd 0x170 ctl 0x376 bmdma 0xd008 irq 15
[    7.781833] libphy: Fixed MDIO Bus: probed
[    7.784970] tun: Universal TUN/TAP device driver, 1.6
[    7.786278] tun: (C) 1999-2004 Max Krasnyansky <maxk@qualcomm.com>
[    7.787849] PPP generic driver version 2.4.2
[    7.817143] ehci_hcd: USB 2.0 'Enhanced' Host Controller (EHCI) Driver
[    7.818516] ehci-pci: EHCI PCI platform driver
[    7.834611] ehci-platform: EHCI generic platform driver
[    7.836143] ohci_hcd: USB 1.1 'Open' Host Controller (OHCI) Driver
[    8.076852] ohci-pci: OHCI PCI platform driver
[    8.256789] ohci-platform: OHCI generic platform driver
[    8.476833] uhci_hcd: USB Universal Host Controller Interface driver
[    8.517572] i8042: PNP: PS/2 Controller [PNP0303:PS2K,PNP0f03:PS2M] at 0x60,0x64 irq 1,12
[    8.698146] serio: i8042 KBD port at 0x60,0x64 irq 1
[    8.776731] serio: i8042 AUX port at 0x60,0x64 irq 12
[    8.916983] mousedev: PS/2 mouse device common for all mice
[    9.138603] input: AT Translated Set 2 keyboard as /devices/platform/i8042/serio0/input/input2
[    9.423548] rtc_cmos rtc_cmos: rtc core: registered rtc_cmos as rtc0
[    9.423635] rtc_cmos rtc_cmos: alarms up to one day, 114 bytes nvram
[    9.423653] i2c /dev entries driver
[    9.423734] device-mapper: uevent: version 1.0.3
[    9.423813] device-mapper: ioctl: 4.34.0-ioctl (2015-10-28) initialised: dm-devel@redhat.com
[    9.423843] ledtrig-cpu: registered to indicate activity on CPUs
[    9.424209] NET: Registered protocol family 10
[    9.424390] NET: Registered protocol family 17
[    9.424404] Key type dns_resolver registered
[    9.424591] microcode: CPU0 sig=0x306d4, pf=0x40, revision=0x0
[    9.430103] microcode: CPU1 sig=0x306d4, pf=0x40, revision=0x0
[    9.430154] microcode: Microcode Update Driver: v2.01 <tigran@aivazian.fsnet.co.uk>, Peter Oruba
[    9.430318] registered taskstats version 1
[    9.430336] Loading compiled-in X.509 certificates
[    9.431203] Loaded X.509 cert 'Build time autogenerated kernel key: aa84f01984fbd529c105810b59e379d349698248'
[    9.431226] zswap: loaded using pool lzo/zbud
[    9.433155] Key type trusted registered
[    9.436499] Key type encrypted registered
[    9.436505] AppArmor: AppArmor sha1 policy hashing enabled
[    9.436508] ima: No TPM chip found, activating TPM-bypass!
[    9.436534] evm: HMAC attrs: 0x1
[    9.436822]   Magic number: 10:365:584
[    9.440479] rtc_cmos rtc_cmos: setting system clock to 2018-03-13 13:35:30 UTC (1520948130)
[    9.440594] BIOS EDD facility v0.16 2004-Jun-25, 0 devices found
[    9.440594] EDD information not available.
[   10.704020] Freeing unused kernel memory: 1508K
[   10.705207] Write protecting the kernel read-only data: 14336k
[   10.707350] Freeing unused kernel memory: 1700K
[   10.708987] Freeing unused kernel memory: 104K
Loading, please wait...
starting version[   10.727140] random: systemd-udevd: uninitialized urandom read (16 bytes read, 5 bits of entropy available)
 229
[   10.728043] random: udevadm: uninitialized urandom read (16 bytes read, 5 bits of entropy available)
[   10.728073] random: udevadm: uninitialized urandom read (16 bytes read, 5 bits of entropy available)
[   10.741738] random: udevadm: uninitialized urandom read (16 bytes read, 5 bits of entropy available)
[   10.741831] random: udevadm: uninitialized urandom read (16 bytes read, 5 bits of entropy available)
[   10.742122] random: udevadm: uninitialized urandom read (16 bytes read, 5 bits of entropy available)
[   10.742230] random: udevadm: uninitialized urandom read (16 bytes read, 5 bits of entropy available)
[   10.742338] random: udevadm: uninitialized urandom read (16 bytes read, 5 bits of entropy available)
[   10.742444] random: udevadm: uninitialized urandom read (16 bytes read, 5 bits of entropy available)
[   10.742546] random: udevadm: uninitialized urandom read (16 bytes read, 5 bits of entropy available)
[   10.936855] Fusion MPT base driver 3.04.20
[   11.017067] Copyright (c) 1999-2008 LSI Corporation
[   11.018478] e1000: Intel(R) PRO/1000 Network Driver - version 7.3.21-k8-NAPI
[   11.072237] e1000: Copyright (c) 1999-2006 Intel Corporation.
[   11.085494] Fusion MPT SPI Host driver 3.04.20
[   11.230592] AVX2 version of gcm_enc/dec engaged.
[   11.249252] AES CTR mode by8 optimization enabled
[   11.406469] input: ImExPS/2 Generic Explorer Mouse as /devices/platform/i8042/serio1/input/input4
[   11.580095] e1000 0000:00:03.0 eth0: (PCI:33MHz:32-bit) 02:b2:c2:84:5d:d0
[   11.640054] e1000 0000:00:03.0 eth0: Intel(R) PRO/1000 Network Connection
[   11.642256] mptbase: ioc0: Initiating bringup
[   11.657251] e1000 0000:00:03.0 enp0s3: renamed from eth0
[   11.726502] ioc0: LSI53C1030 A0: Capabilities={Initiator}
[   12.705380] scsi host2: ioc0: LSI53C1030 A0, FwRev=00000000h, Ports=1, MaxQ=256, IRQ=20
[   13.377329] scsi 2:0:0:0: Direct-Access     VBOX     HARDDISK         1.0  PQ: 0 ANSI: 5
[   13.417480] scsi target2:0:0: Beginning Domain Validation
[   13.517308] scsi target2:0:0: Domain Validation skipping write tests
[   13.524403] scsi target2:0:0: Ending Domain Validation
[   13.527444] scsi target2:0:0: asynchronous
[   13.811425] scsi 2:0:1:0: Direct-Access     VBOX     HARDDISK         1.0  PQ: 0 ANSI: 5
[   13.829039] scsi target2:0:1: Beginning Domain Validation
[   14.106813] floppy0: no floppy controllers found
[   14.129744] scsi target2:0:1: Domain Validation skipping write tests
[   14.168449] scsi target2:0:1: Ending Domain Validation
[   14.169708] scsi target2:0:1: asynchronous
[   14.316895] sd 2:0:0:0: [sda] 20971520 512-byte logical blocks: (10.7 GB/10.0 GiB)
[   14.339784] sd 2:0:0:0: Attached scsi generic sg0 type 0
[   14.368820] sd 2:0:0:0: [sda] Write Protect is off
[   14.374677] sd 2:0:0:0: [sda] Incomplete mode parameter data
[   14.374777] sd 2:0:1:0: [sdb] 20480 512-byte logical blocks: (10.5 MB/10.0 MiB)
[   14.374992] sd 2:0:1:0: [sdb] Write Protect is off
[   14.375100] sd 2:0:1:0: [sdb] Incomplete mode parameter data
[   14.375102] sd 2:0:1:0: [sdb] Assuming drive cache: write through
[   14.375785] sd 2:0:1:0: Attached scsi generic sg1 type 0
[   14.378593] sd 2:0:1:0: [sdb] Attached SCSI disk
[   14.393447] sd 2:0:0:0: [sda] Assuming drive cache: write through
[   14.396050]  sda: sda1
[   14.404811] sd 2:0:0:0: [sda] Attached SCSI disk
Begin: Loading e[   15.940260] md: linear personality registered for level -1
ssential drivers ... [   16.111789] md: multipath personality registered for level -4
[   16.133194] md: raid0 personality registered for level 0
[   16.202041] md: raid1 personality registered for level 1
[   16.306354] raid6: sse2x1   gen()  5766 MB/s
[   16.506252] raid6: sse2x1   xor()  3989 MB/s
[   16.636229] raid6: sse2x2   gen()  6449 MB/s
[   16.741962] raid6: sse2x2   xor()  4423 MB/s
[   16.835310] raid6: sse2x4   gen()  7461 MB/s
[   16.936220] raid6: sse2x4   xor()  5891 MB/s
[   17.026203] raid6: avx2x1   gen() 12372 MB/s
[   17.131573] raid6: avx2x2   gen() 12039 MB/s
[   17.286188] raid6: avx2x4   gen() 13518 MB/s
[   17.307254] raid6: using algorithm avx2x4 gen() 13518 MB/s
[   17.398680] raid6: using avx2x2 recovery algorithm
[   17.599831] xor: automatically using best checksumming function:
[   17.663304]    avx       : 11925.000 MB/sec
[   17.676897] async_tx: api initialized (async)
[   17.708784] md: raid6 personality registered for level 6
[   17.747503] md: raid5 personality registered for level 5
[   17.749044] md: raid4 personality registered for level 4
[   17.964393] md: raid10 personality registered for level 10
done.
Begin: Running /scripts/init-premount ... done.
Begin: Mounting root file system ... Begin: Running /scripts/local-top ... done.
Begin: Running /scripts/local-premount ... [   18.054657] Btrfs loaded
Scanning for Btrfs filesystems
done.
Warning: fsck no[   18.103899] EXT4-fs (sda1): mounted filesystem with ordered data mode. Opts: (null)
t present, so skipping root file system
done.
Begin: Running /scripts/local-bottom ... done.
Begin: Running /scripts/init-bottom ... done.
[   18.561505] systemd[1]: systemd 229 running in system mode. (+PAM +AUDIT +SELINUX +IMA +APPARMOR +SMACK +SYSVINIT +UTMP +LIBCRYPTSETUP +GCRYPT +GNUTLS +ACL +XZ -LZ4 +SECCOMP +BLKID +ELFUTILS +KMOD -IDN)
[   18.585023] systemd[1]: Detected virtualization oracle.
[   18.617021] systemd[1]: Detected architecture x86-64.

Welcome to [1mUbuntu 16.04.4 LTS[0m!

[   18.636492] systemd[1]: Set hostname to <ubuntu>.
[   18.639591] systemd[1]: Initializing machine ID from random generator.
[   18.657575] systemd[1]: Installed transient /etc/machine-id file.
[   18.805365] systemd[1]: Listening on Device-mapper event daemon FIFOs.
[[0;32m  OK  [0m] Listening on Device-mapper event daemon FIFOs.
[   18.812409] systemd[1]: Listening on udev Kernel Socket.
[[0;32m  OK  [0m] Listening on udev Kernel Socket.
[   18.814751] systemd[1]: Listening on LVM2 poll daemon socket.
[[0;32m  OK  [0m] Listening on LVM2 poll daemon socket.
[   18.817238] systemd[1]: Listening on LVM2 metadata daemon socket.
[[0;32m  OK  [0m] Listening on LVM2 metadata daemon socket.
[   18.819838] systemd[1]: Listening on Journal Socket (/dev/log).
[[0;32m  OK  [0m] Listening on Journal Socket (/dev/log).
[   18.859897] systemd[1]: Created slice System Slice.
[[0;32m  OK  [0m] Created slice System Slice.
[   18.870948] systemd[1]: Created slice system-serial\x2dgetty.slice.
[[0;32m  OK  [0m] Created slice system-serial\x2dgetty.slice.
[   18.875990] systemd[1]: Started Forward Password Requests to Wall Directory Watch.
[[0;32m  OK  [0m] Started Forward Password Requests to Wall Directory Watch.
[   18.888151] systemd[1]: Reached target Encrypted Volumes.
[[0;32m  OK  [0m] Reached target Encrypted Volumes.
[   18.890518] systemd[1]: Listening on /dev/initctl Compatibility Named Pipe.
[[0;32m  OK  [0m] Listening on /dev/initctl Compatibility Named Pipe.
[   18.893346] systemd[1]: Reached target Swap.
[[0;32m  OK  [0m] Reached target Swap.
[   18.895472] systemd[1]: Set up automount Arbitrary Executable File Formats File System Automount Point.
[[0;32m  OK  [0m] Set up automount Arbitrary Executab...ats File System Automount Point.
[   18.900436] systemd[1]: Listening on udev Control Socket.
[[0;32m  OK  [0m] Listening on udev Control Socket.
[   18.918540] systemd[1]: Started Trigger resolvconf update for networkd DNS.
[[0;32m  OK  [0m] Started Trigger resolvconf update for networkd DNS.
[   18.921533] systemd[1]: Listening on Journal Audit Socket.
[[0;32m  OK  [0m] Listening on Journal Audit Socket.
[   18.938944] systemd[1]: Created slice User and Session Slice.
[[0;32m  OK  [0m] Created slice User and Session Slice.
[   18.941470] systemd[1]: Reached target Slices.
[[0;32m  OK  [0m] Reached target Slices.
[   19.018128] systemd[1]: Reached target User and Group Name Lookups.
[[0;32m  OK  [0m] Reached target User and Group Name Lookups.
[   19.020804] systemd[1]: Listening on Journal Socket.
[[0;32m  OK  [0m] Listening on Journal Socket.
[   19.039465] systemd[1]: Starting Nameserver information manager...
         Starting Nameserver information manager...
[   19.167569] systemd[1]: Starting Set console keymap...
[   19.189124] random: nonblocking pool is initialized
         Starting Set console keymap...
[   19.192414] systemd[1]: Starting Create list of required static device nodes for the current kernel...
         Starting Create list of required st... nodes for the current kernel...
[   19.223215] systemd[1]: Starting Monitoring of LVM2 mirrors, snapshots etc. using dmeventd or progress polling...
         Starting Monitoring of LVM2 mirrors... dmeventd or progress polling...
[   19.530933] systemd[1]: Starting Remount Root and Kernel File Systems...
         Startin[   19.536876] EXT4-fs (sda1): re-mounted. Opts: (null)
g Remount Root and Kernel File Systems...
[   19.588818] systemd[1]: Starting Uncomplicated firewall...
         Starting Uncomplicated firewall...
[   19.627431] systemd[1]: Mounting Debug File System...
         Mounting Debug File System...
[   19.656428] systemd[1]: Mounting Huge Pages File System...
         Mounting Huge Pages File System...
[   19.664997] systemd[1]: Starting Load Kernel Modules...
[   19.812284] Loading iSCSI transport class v2.0-870.
         Starting Load Kernel Modules...
[   19.816588] systemd[1]: Mounting POSIX Message Queue File System...
         Mounting POSIX Message [   19.825188] iscsi: registered transport (tcp)
Queue File System...
[   19.844777] systemd[1]: Listening on Syslog Socket.
[[0;32m  OK  [0m] Listening on Syslog Socket.
[   19.849980] systemd[1]: Starting Journal Service...
         Starting Journal Service...
[   19.856029] systemd[1]: Mounted Debug File System.
[[0;32m  OK  [0m] Mounted Debug File System.
[   19.953478] iscsi: registered transport (iser)
[   20.091795] systemd[1]: Mounted POSIX Message Queue File System.
[[0;32m  OK  [0m] Mounted POSIX Message Queue File System.
[   20.232184] systemd[1]: Mounted Huge Pages File System.
[[0;32m  OK  [0m] Mounted Huge Pages File System.
[   20.243729] systemd[1]: Started Journal Service.
[[0;32m  OK  [0m] Started Journal Service.
[[0;32m  OK  [0m] Started Set console keymap.
[[0;32m  OK  [0m] Started Create list of required sta...ce nodes for the current kernel.
[[0;32m  OK  [0m] Started Remount Root and Kernel File Systems.
[[0;32m  OK  [0m] Started Uncomplicated firewall.
[[0;32m  OK  [0m] Started Load Kernel Modules.
[[0;32m  OK  [0m] Started Nameserver information manager.
[[0;32m  OK  [0m] Started LVM2 metadata daemon.
         Starting Apply Kernel Variables...
         Mounting FUSE Control File System...
         Starting udev Coldplug all Devices...
         Starting Load/Save Random Seed...
         Starting Initial cloud-init job (pre-networking)...
         Starting Create Static Device Nodes in /dev...
         Starting Flush Journal to Persistent Storage...
[[0;32m  OK  [0m] Mounted FUSE Control File System.
[[0;32m  OK  [0m] Started Apply Kernel Variables.
[[0;32m  OK  [0m] Started Load/Save Random Seed.
[[0;32m  OK  [0m] Started Create Static Device Nodes in /dev.
[[0;32m  OK  [0m] Started udev Coldplug all Devices.
[[0;32m  OK  [0m] Started Flush Journal to Persistent Storage.
         Starting udev Kernel Device Manager...
[[0;32m  OK  [0m] Started udev Kernel Device Manager.
[[0;32m  OK  [0m] Started Dispatch Password Requests to Console Directory Watch.
[[0;32m  OK  [0m] Started Monitoring of LVM2 mirrors,...ng dmeventd or progress polling.
[[0;32m  OK  [0m] Found device /dev/ttyS0.
[[0;32m  OK  [0m] Reached target Local File Systems (Pre).
[[0;32m  OK  [0m] Reached target Local File Systems.
         Starting Set console font and keymap...
         Starting Tell Plymouth To Write Out Runtime Data...
         Starting Create Volatile Files and Directories...
         Starting Commit a transient machine-id on disk...
         Starting LSB: AppArmor initialization...
[[0;32m  OK  [0m] Started Tell Plymouth To Write Out Runtime Data.
[[0;32m  OK  [0m] Started Create Volatile Files and Directories.
[[0;32m  OK  [0m] Started Commit a transient machine-id on disk.
[   20.194179] cloud-init[461]: Cloud-init v. 17.2 running 'init-local' at Tue, 13 Mar 2018 13:35:42 +0000. Up 19.69 seconds.
[[0;1;31mFAILED[0m] Failed to start Set console font and keymap.
See 'systemctl status console-setup.service' for details.
[[0;32m  OK  [0m] Started Initial cloud-init job (pre-networking).
[[0;32m  OK  [0m] Listening on Load/Save RF Kill Switch Status /dev/rfkill Watch.
[[0;32m  OK  [0m] Reached target Network (Pre).
[[0;32m  OK  [0m] Created slice system-getty.slice.
[[0;32m  OK  [0m] Reached target System Time Synchronized.
         Starting Update UTMP about System Boot/Shutdown...
[[0;32m  OK  [0m] Started Update UTMP about System Boot/Shutdown.
[[0;32m  OK  [0m] Started LSB: AppArmor initialization.
         Starting Raise network interfaces...
[[0;32m  OK  [0m] Started Raise network interfaces.
         Starting Initial cloud-init job (metadata service crawler)...
[[0;32m  OK  [0m] Reached target Network.
[   23.902721] cloud-init[912]: Cloud-init v. 17.2 running 'init' at Tue, 13 Mar 2018 13:35:45 +0000. Up 22.82 seconds.
[   23.949700] cloud-init[912]: ci-info: +++++++++++++++++++++++++++++++++++++Net device info++++++++++++++++++++++++++++++++++++++
[   23.985295] cloud-init[912]: ci-info: +--------+------+----------------------------+---------------+-------+-------------------+
[   23.985532] cloud-init[912]: ci-info: | Device |  Up  |          Address           |      Mask     | Scope |     Hw-Address    |
[[0;32m  OK  [0m] Started Initial cloud-init job (metadata service crawler).
[   23.985719] cloud-init[912]: ci-info: +--------+------+----------------------------+---------------+-------+-------------------+
[   24.020342] cloud-init[912]: ci-info: | enp0s3 | True |         10.0.2.15          | 255.255.255.0 |   .   | 02:b2:c2:84:5d:d0 |
[   24.022570] cloud-init[912]: ci-info: | enp0s3 | True | fe80::b2:c2ff:fe84:5dd0/64 |       .       |  link | 02:b2:c2:84:5d:d0 |
[   24.024761] cloud-init[912]: ci-info: |   lo   | True |         127.0.0.1          |   255.0.0.0   |   .   |         .         |
[   24.026949] cloud-init[912]: ci-info: |   lo   | True |          ::1/128           |       .       |  host |         .         |
[   24.029143] cloud-init[912]: ci-info: +--------+------+----------------------------+---------------+-------+-------------------+
[   24.029633] cloud-init[912]: ci-info: +++++++++++++++++++++++++++Route IPv4 info++++++++++++++++++++++++++++
[   24.030059] cloud-init[912]: ci-info: +-------+-------------+----------+---------------+-----------+-------+
[[0;32m  OK  [0m] Reached target Network is Online.
[   24.030249] cloud-init[912]: ci-info: | Route | Destination | Gateway  |    Genmask    | Interface | Flags |
[   24.044384] cloud-init[912]: ci-info: +-------+-------------+----------+---------------+-----------+-------+
[   24.046756] cloud-init[912]: ci-info: |   0   |   0.0.0.0   | 10.0.2.2 |    0.0.0.0    |   enp0s3  |   UG  |
[   24.048636] cloud-init[912]: ci-info: |   1   |   10.0.2.0  | 0.0.0.0  | 255.255.255.0 |   enp0s3  |   U   |
[   24.050422] cloud-init[912]: ci-info: +-------+-------------+----------+---------------+-----------+-------+
[   24.068381] cloud-init[912]: Generating public/private rsa key pair.
[   24.068649] cloud-init[912]: Your identification has been saved in /etc/ssh/ssh_host_rsa_key.
         Starting iSCSI initiator daemon (iscsid)...
[   24.068835] cloud-init[912]: Your public key has been saved in /etc/ssh/ssh_host_rsa_key.pub.
[   24.073183] cloud-init[912]: The key fingerprint is:
[   24.073353] cloud-init[912]: SHA256:DtI7/ecGsE2uRqA71693F3r2k4W8p6B/M5A02Uf1KOs root@ubuntu-xenial
[   24.073547] cloud-init[912]: The key's randomart image is:
[   24.073746] cloud-init[912]: +---[RSA 2048]----+
[   24.073947] cloud-init[912]: |                o|
[[0;32m  OK  [0m] Reached target System Initialization.
         Starting Socket activation for snappy daemon.
[   24.074157] cloud-init[912]: |               .o|
[   24.118445] cloud-init[912]: |            .o...|
[   24.118716] cloud-init[912]: |     .. . . +o. .|
         Starting LXD - unix socket.
[[   24.118898] cloud-init[912]: |    ..o.S* ..+ o |
[   24.122292] cloud-init[912]: |    .. =o +.o + .|
[   24.122448] cloud-init[912]: |     .ooo. .Eo oo|
[   24.122634] cloud-init[912]: |    o ..+...=.Oo.|
[   24.122823] cloud-init[912]: |     o ..++*o=.*o|
[0;32m  OK  [0m] Listening on D-Bus System Message Bus Socket.
[   24.123014] cloud-init[912]: +----[SHA256]-----+
[   24.129128] cloud-init[912]: Generating public/private dsa key pair.
[[0;32m  OK  [0m] Started Daily apt download activities.
[[   24.129300] cloud-init[912]: Your identification has been saved in /etc/ssh/ssh_host_dsa_key.
[   24.134277] cloud-init[912]: Your public key has been saved in /etc/ssh/ssh_host_dsa_key.pub.
[0;32m  OK  [0m] Started Daily apt upgrade and clean activities.
[[   24.134438] cloud-init[912]: The key fingerprint is:
[   24.173732] cloud-init[912]: SHA256:UcVVScT3YR7DZyODC+M5RvARQGfT2DUBgO4k4gUAmFQ root@ubuntu-xenial
[   24.174097] cloud-init[912]: The key's randomart image is:
[   24.174280] cloud-init[912]: +---[DSA 1024]----+
[   24.174467] cloud-init[912]: |=+oE  .++BB+==B+o|
[   24.174658] cloud-init[912]: |o  .   .+*o+.o.X+|
[   24.175091] cloud-init[912]: |    . . +.+ . =.O|
[   24.175471] cloud-init[912]: |   . o o * .   ..|
[   24.175849] cloud-init[912]: |  . o + S .      |
[   24.176463] cloud-init[912]: |   .   .         |
[0;32m  OK  [0m] Listening on ACPID Listen Socket.
[   24.176788] cloud-init[912]: |                 |
[   24.193311] cloud-init[912]: |                 |
[   24.193600] cloud-init[912]: |                 |
[   24.193782] cloud-init[912]: +----[SHA256]-----+
[   24.193976] cloud-init[912]: Generating public/private ecdsa key pair.
[[0;32m  OK  [0m] Started Timer to automatically refresh installed snaps.
[[   24.194194] cloud-init[912]: Your identification has been saved in /etc/ssh/ssh_host_ecdsa_key.
[   24.201305] cloud-init[912]: Your public key has been saved in /etc/ssh/ssh_host_ecdsa_key.pub.
[   24.201479] cloud-init[912]: The key fingerprint is:
[   24.201674] cloud-init[912]: SHA256:qpQLf7lYzdNQVPcMQcN8bAoLAG6LEa2ewvbxx6pQp1M root@ubuntu-xenial
[   24.201872] cloud-init[912]: The key's randomart image is:
[   24.202285] cloud-init[912]: +---[ECDSA 256]---+
[   24.202492] cloud-init[912]: |    .........+*o |
[   24.202681] cloud-init[912]: |     o.  .. ..o=+|
[   24.202881] cloud-init[912]: |    ..o   .. o +o|
[   24.203083] cloud-init[912]: |    .+ . .  . .  |
[   24.203272] cloud-init[912]: | . .o.E S        |
[   24.203470] cloud-init[912]: |  +.+= + o       |
[   24.203671] cloud-init[912]: | .oo=ooo+ .      |
[   24.203865] cloud-init[912]: |   =.*+ o.       |
[   24.204269] cloud-init[912]: |    *oo+         |
[   24.204462] cloud-init[912]: +----[SHA256]-----+
[   24.204658] cloud-init[912]: Generating public/private ed25519 key pair.
[   24.204856] cloud-init[912]: Your identification has been saved in /etc/ssh/ssh_host_ed25519_key.
[   24.205058] cloud-init[912]: Your public key has been saved in /etc/ssh/ssh_host_ed25519_key.pub.
[   24.205251] cloud-init[912]: The key fingerprint is:
[   24.205450] cloud-init[912]: SHA256:UFBH1CgKyKx1TV1WfHsDu807CRV7c4sAbhYc3MMBWPI root@ubuntu-xenial
[   24.205646] cloud-init[912]: The key's randomart image is:
[   24.205844] cloud-init[912]: +--[ED25519 256]--+
[   24.206050] cloud-init[912]: | o . oo=BB@*o    |
[   24.206247] cloud-init[912]: |  = o .o=B.+o... |
[   24.206442] cloud-init[912]: | o . ....Eo ..o.o|
[   24.206636] cloud-init[912]: |.     .. + . ..=+|
[   24.206831] cloud-init[912]: |        S   . *.*|
[0;32m  OK  [0m] Listening on UUID daemon activation socket.
[   24.207028] cloud-init[912]: |             + + |
[   24.336464] cloud-init[912]: |              . o|
[   24.350657] cloud-init[912]: |               + |
[[0;32m  OK  [0m] Started ACPI Events Check.
[   24.351254] cloud-init[912]: |                .|
[   24.376803] cloud-init[912]: +----[SHA256]-----+
[[0;32m  OK  [0m] Reached target Paths.
[[0;32m  OK  [0m] Started Daily Cleanup of Temporary Directories.
[[0;32m  OK  [0m] Reached target Timers.
[[0;32m  OK  [0m] Reached target Cloud-config availability.
[[0;32m  OK  [0m] Listening on Socket activation for snappy daemon.
[[0;32m  OK  [0m] Listening on LXD - unix socket.
[[0;32m  OK  [0m] Started iSCSI initiator daemon (iscsid).
         Starting Login to default iSCSI targets...
[[0;32m  OK  [0m] Reached target Sockets.
[[0;32m  OK  [0m] Reached target Basic System.
         Starting Login Service...
         Starting LXD - container startup/shutdown...
         Starting Accounts Service...
[[0;32m  OK  [0m] Started Deferred execution scheduler.
         Starting System Logging Service...
[[0;32m  OK  [0m] Started ACPI event daemon.
         Starting LSB: Record successful boot for GRUB...
[[0;32m  OK  [0m] Started D-Bus System Message Bus.
[[0;32m  OK  [0m] Started Unattended Upgrades Shutdown.
         Starting Pollinate to seed the pseudo random number generator...
         Starting /etc/rc.local Compatibility...
         Starting LSB: MD monitoring daemon...
[[0;32m  OK  [0m] Started Regular background program processing daemon.
[[0;32m  OK  [0m] Started FUSE filesystem for LXC.
         Starting Apply the settings specified in cloud-config...
         Starting Snappy daemon...
[[0;32m  OK  [0m] Started System Logging Service.
[[0;32m  OK  [0m] Started LXD - container startup/shutdown.
[[0;32m  OK  [0m] Started /etc/rc.local Compatibility.
[[0;32m  OK  [0m] Started Snappy daemon.
[[0;32m  OK  [0m] Started Login to default iSCSI targets.
[[0;32m  OK  [0m] Started LSB: Record successful boot for GRUB.
[[0;32m  OK  [0m] Started LSB: MD monitoring daemon.
[[0;32m  OK  [0m] Started Login Service.
         Starting Authenticate and Authorize Users to Run Privileged Tasks...
[[0;32m  OK  [0m] Reached target Remote File Systems (Pre).
[[0;32m  OK  [0m] Reached target Remote File Systems.
         Starting LSB: VirtualBox Linux Additions...
         Starting LSB: automatic crash report generation...
         Starting LSB: Set the CPU Frequency Scaling governor to "ondemand"...
         Starting Permit User Sessions...
         Starting LSB: daemon to balance interrupts for SMP systems...
[[0;32m  OK  [0m] Started Permit User Sessions.
[[0;32m  OK  [0m] Started Authenticate and Authorize Users to Run Privileged Tasks.
[   25.399131] cloud-init[1067]: Generating locales (this might take a while)...
[[0;32m  OK  [0m] Started Accounts Service.
         Starting Terminate Plymouth Boot Screen...
         Starting Hold until boot process finishes up...
[[0;32m  OK  [0m] Started LSB: VirtualBox Linux Additions.
[[0;32m  OK  [0m] Started LSB: automatic crash report generation.
[[0;32m  OK  [0m] Started LSB: Set the CPU Frequency Scaling governor to "ondemand".
[[0;32m  OK  [0m] Started LSB: daemon to balance interrupts for SMP systems.
[[0;32m  OK  [0m] Started Terminate Plymouth Boot Screen.
[[0;32m  OK  [0m] Started Hold until boot process finishes up.
[[0;32m  OK  [0m] Started Getty on tty1.
         Starting Set console scheme...
[[0;32m  OK  [0m] Started Serial Getty on ttyS0.
[[0;32m  OK  [0m] Reached target Login Prompts.
[[0;32m  OK  [0m] Started Set console scheme.
[   26.507369] cloud-init[1067]:   en_US.UTF-8... done
[   26.550743] cloud-init[1067]: Generation complete.
[[0;32m  OK  [0m] Started Pollinate to seed the pseudo random number generator.
         Starting OpenBSD Secure Shell server...
[[0;32m  OK  [0m] Started OpenBSD Secure Shell server.
[[0;32m  OK  [0m] Reached target Multi-User System.
[[0;32m  OK  [0m] Reached target Graphical Interface.
         Starting Update UTMP about System Runlevel Changes...
[[0;32m  OK  [0m] Started Update UTMP about System Runlevel Changes.
[[0;32m  OK  [0m] Created slice User Slice of vagrant.
         Starting User Manager for UID 1000...
[[0;32m  OK  [0m] Started User Manager for UID 1000.
[[0;32m  OK  [0m] Started Session 1 of user vagrant.
[   27.034125] cloud-init[1067]: Cloud-init v. 17.2 running 'modules:config' at Tue, 13 Mar 2018 13:35:47 +0000. Up 25.20 seconds.
[[0;32m  OK  [0m] Started Apply the settings specified in cloud-config.
         Starting Execute cloud user/final scripts...
ci-info: no authorized ssh keys fingerprints found for user ubuntu.
<14>Mar 13 13:35:50 ec2: 
<14>Mar 13 13:35:50 ec2: #############################################################
<14>Mar 13 13:35:50 ec2: -----BEGIN SSH HOST KEY FINGERPRINTS-----
<14>Mar 13 13:35:50 ec2: 1024 SHA256:UcVVScT3YR7DZyODC+M5RvARQGfT2DUBgO4k4gUAmFQ root@ubuntu-xenial (DSA)
<14>Mar 13 13:35:50 ec2: 256 SHA256:qpQLf7lYzdNQVPcMQcN8bAoLAG6LEa2ewvbxx6pQp1M root@ubuntu-xenial (ECDSA)
<14>Mar 13 13:35:50 ec2: 256 SHA256:UFBH1CgKyKx1TV1WfHsDu807CRV7c4sAbhYc3MMBWPI root@ubuntu-xenial (ED25519)
<14>Mar 13 13:35:50 ec2: 2048 SHA256:DtI7/ecGsE2uRqA71693F3r2k4W8p6B/M5A02Uf1KOs root@ubuntu-xenial (RSA)
<14>Mar 13 13:35:50 ec2: -----END SSH HOST KEY FINGERPRINTS-----
<14>Mar 13 13:35:50 ec2: #############################################################
-----BEGIN SSH HOST KEY KEYS-----
ecdsa-sha2-nistp256 AAAAE2VjZHNhLXNoYTItbmlzdHAyNTYAAAAIbmlzdHAyNTYAAABBBH5Bir1tLvVLL/SJ3gks0tj3wWP/li8T90b5ED7iUzpw+Deule4/l7gvqL8pUGcbMOiYoIp7X0fXZhfrbl++FoU= root@ubuntu-xenial
ssh-ed25519 AAAAC3NzaC1lZDI1NTE5AAAAID/1Dhdshjs6CrJGTKvT2ZJwwBuohWyyyVqOikWmK4pW root@ubuntu-xenial
ssh-rsa AAAAB3NzaC1yc2EAAAADAQABAAABAQDQ4FtNkXZKKGhp87ZO+EwCXOGDqZ4T0lNz2hTw+1zhXKbTSke9DEh1FwLV3IjGpaJFeCzupiByGCuqGqdq7JeLDF10h/Zto1hJI1hZuGQdo4prgX5s8ynypmhIhcbgpjbqMF6zeCqO663128+NQlcKXz7cDgqMcgY5D9a/nWj+/eW9ib7F/6ctKZs/JfFguH91AaG97PFgrfFriN4qP4klrCuxuH/1ybT8C/WjBcvH3gkVQPGfyIGh9DCqOfZ2dt0bp5sAPp9j2G/qsGEd2SvJF67gYZ70v2QZjuDc549LyNaG6JG71bejuqdxXMXtdW9IxQ/yUuWnnZlCNDSEbSSv root@ubuntu-xenial
-----END SSH HOST KEY KEYS-----
[   28.141306] cloud-init[1294]: Cloud-init v. 17.2 running 'modules:final' at Tue, 13 Mar 2018 13:35:50 +0000. Up 27.52 seconds.
[   28.149189] cloud-init[1294]: ci-info: no authorized ssh keys fingerprints found for user ubuntu.
[   28.158538] cloud-init[1294]: Cloud-init v. 17.2 finished at Tue, 13 Mar 2018 13:35:50 +0000. Datasource DataSourceNoCloud [seed=/dev/sdb][dsmode=net].  Up 28.13 seconds
[[0;32m  OK  [0m] Started Execute cloud user/final scripts.
[[0;32m  OK  [0m] Reached target Cloud-init target.

Ubuntu 16.04.4 LTS ubuntu-xenial ttyS0

ubuntu-xenial login: 